2020-04-10 22:00:01.5612 [DEBUG] Validating model...
2020-04-10 22:00:01.7211 [DEBUG] Model validated
2020-04-10 22:00:01.7211 [DEBUG] Authenticating with server...
2020-04-10 22:00:01.8908 [DEBUG] Connected to room. (121826:SceneFusion:SceneFusion)
2020-04-10 22:00:01.8908 [INFO] Connected to server.
2020-04-10 22:00:01.8908 [DEBUG] OS : Microsoft Windows NT 10.0.18362.0
2020-04-10 22:00:01.8908 [DEBUG] Unity Version : 2019.3.4f1
2020-04-10 22:00:01.8908 [DEBUG] Pro License : False
2020-04-10 22:00:01.8908 [DEBUG] Platform : WindowsEditor
2020-04-10 22:00:01.8908 [DEBUG] Build Target : StandaloneWindows64
2020-04-10 22:00:01.8908 [DEBUG] Scene Fusion version : 1.8.7
2020-04-10 22:00:01.8908 [DEBUG] Scene Fusion client build : 0
2020-04-10 22:00:01.8908 [DEBUG] User : zenillopeze15@students.ecu.edu
2020-04-10 22:00:01.8908 [DEBUG] Waiting for server response
2020-04-10 22:00:02.0310 [DEBUG] Tier: Indie (4 Seats), Permissions: 00000A02
2020-04-10 22:00:02.0310 [DEBUG] User Permissions: FFFFFFFF
2020-04-10 22:00:02.1610 [DEBUG] No stand-in for UnityEngine.MovieTexture
2020-04-10 22:00:02.1610 [DEBUG] No stand-in for UnityEngine.Experimental.Rendering.RayTracingShader
2020-04-10 22:00:02.1610 [DEBUG] No stand-in for UnityEngine.LocalizationAsset
2020-04-10 22:00:02.1610 [DEBUG] No stand-in for UnityEngine.ProceduralMaterial
2020-04-10 22:00:02.1610 [DEBUG] No stand-in for UnityEngine.ProceduralTexture
2020-04-10 22:00:02.1610 [DEBUG] No stand-in for UnityEngine.TerrainLayer
2020-04-10 22:00:02.1610 [DEBUG] No stand-in for UnityEngine.VFX.VisualEffectAsset
2020-04-10 22:00:07.5111 [DEBUG] Waiting for host upload
2020-04-10 22:00:55.3207 [DEBUG] Disconnecting from room (121826:SceneFusion:SceneFusion)
2020-04-10 22:00:57.9512 [INFO] Disconnected from server.
2020-04-10 22:00:57.9512 [DEBUG] Disconnect. (Duration: 53)
