2020-04-10 20:07:36.4381 [DEBUG] Scene Fusion version 1.8.7-0
2020-04-10 20:07:36.4501 [INFO] Setting define symbol SCENE_FUSION
2020-04-10 20:07:43.1770 [DEBUG] Scene Fusion version 1.8.7-0
2020-04-10 20:10:29.1775 [DEBUG] Web request login error: Invalid email
2020-04-10 20:10:46.6497 [INFO] Launching Session: SampleScene
2020-04-10 20:10:47.6096 [DEBUG] Connecting
2020-04-10 20:10:47.6305 [DEBUG] Connecting to room (121812:SceneFusion:SceneFusion) via TCP at roommanager-ec2-35-164-71-216.kinematicsoup.com:21312
2020-04-10 20:11:50.1857 [DEBUG] Sent C:/Users/Chris/csci4550/titan/KSEditorLogs/SessionLogs/session.121812-637221462477044300.log
2020-04-10 20:14:02.5250 [INFO] Launching Session: SampleScene
2020-04-10 20:14:03.1409 [DEBUG] Connecting
2020-04-10 20:14:03.1499 [DEBUG] Connecting to room (121813:SceneFusion:SceneFusion) via TCP at roommanager-ec2-35-164-71-216.kinematicsoup.com:21312

2020-04-10 20:42:56.8693 [DEBUG] Scene Fusion version 1.8.7-0
2020-04-10 20:46:01.9191 [INFO] Launching Session: SampleScene
2020-04-10 20:46:02.8429 [DEBUG] Connecting
2020-04-10 20:46:02.8618 [DEBUG] Connecting to room (121819:SceneFusion:SceneFusion) via TCP at roommanager-ec2-35-164-71-216.kinematicsoup.com:21312
2020-04-10 20:46:09.0637 [DEBUG] Sent C:/Users/Chris/csci4550/titan/KSEditorLogs/SessionLogs/session.121819-637221483629782252.log
2020-04-10 20:49:12.7234 [INFO] Launching Session: SampleScene
2020-04-10 20:49:13.3171 [DEBUG] Connecting
2020-04-10 20:49:13.3270 [DEBUG] Connecting to room (121820:SceneFusion:SceneFusion) via TCP at roommanager-ec2-35-164-71-216.kinematicsoup.com:21312
2020-04-10 20:49:19.2337 [DEBUG] Sent C:/Users/Chris/csci4550/titan/KSEditorLogs/SessionLogs/session.121820-637221485533980018.log
2020-04-10 20:49:32.5534 [INFO] Launching Session: SampleScene
2020-04-10 20:49:33.1739 [DEBUG] Connecting
2020-04-10 20:49:33.1839 [DEBUG] Connecting to room (121821:SceneFusion:SceneFusion) via TCP at roommanager-ec2-35-164-71-216.kinematicsoup.com:21312