2020-04-10 21:14:00.4132 [DEBUG] Validating model...
2020-04-10 21:14:00.5212 [DEBUG] Model validated
2020-04-10 21:14:00.5212 [DEBUG] Authenticating with server...
2020-04-10 21:14:00.6622 [DEBUG] Connected to room. (121821:SceneFusion:SceneFusion)
2020-04-10 21:14:00.6682 [INFO] Connected to server.
2020-04-10 21:14:00.6682 [DEBUG] OS : Microsoft Windows NT 10.0.18362.0
2020-04-10 21:14:00.6682 [DEBUG] Unity Version : 2019.3.4f1
2020-04-10 21:14:00.6692 [DEBUG] Pro License : False
2020-04-10 21:14:00.6692 [DEBUG] Platform : WindowsEditor
2020-04-10 21:14:00.6722 [DEBUG] Build Target : StandaloneWindows64
2020-04-10 21:14:00.6722 [DEBUG] Scene Fusion version : 1.8.7
2020-04-10 21:14:00.6722 [DEBUG] Scene Fusion client build : 0
2020-04-10 21:14:00.6722 [DEBUG] User : bucciarellin16@students.ecu.edu
2020-04-10 21:14:00.6722 [DEBUG] Waiting for server response
2020-04-10 21:14:00.6902 [DEBUG] Tier: Indie (4 Seats), Permissions: 00000A02
2020-04-10 21:14:00.6902 [DEBUG] User Permissions: FFFFFFFF
2020-04-10 21:14:00.6922 [DEBUG] No stand-in for UnityEngine.MovieTexture
2020-04-10 21:14:00.6922 [DEBUG] No stand-in for UnityEngine.Experimental.Rendering.RayTracingShader
2020-04-10 21:14:00.6922 [DEBUG] No stand-in for UnityEngine.LocalizationAsset
2020-04-10 21:14:00.6922 [DEBUG] No stand-in for UnityEngine.ProceduralMaterial
2020-04-10 21:14:00.6922 [DEBUG] No stand-in for UnityEngine.ProceduralTexture
2020-04-10 21:14:00.6922 [DEBUG] No stand-in for UnityEngine.TerrainLayer
2020-04-10 21:14:00.6932 [DEBUG] No stand-in for UnityEngine.VFX.VisualEffectAsset
2020-04-10 21:14:01.1592 [DEBUG] Loading complete
2020-04-10 21:14:33.5252 [DEBUG] Disconnecting from room (121821:SceneFusion:SceneFusion)
2020-04-10 21:14:33.5282 [INFO] Disconnected from server.
2020-04-10 21:14:33.5282 [DEBUG] Disconnect. (Duration: 32)
