2020-04-10 21:12:06.3111 [DEBUG] Validating model...
2020-04-10 21:12:06.4261 [DEBUG] Model validated
2020-04-10 21:12:06.4272 [DEBUG] Authenticating with server...
2020-04-10 21:12:06.5701 [DEBUG] Connected to room. (121821:SceneFusion:SceneFusion)
2020-04-10 21:12:06.5871 [INFO] Connected to server.
2020-04-10 21:12:06.5882 [DEBUG] OS : Microsoft Windows NT 10.0.18362.0
2020-04-10 21:12:06.5882 [DEBUG] Unity Version : 2019.3.4f1
2020-04-10 21:12:06.5882 [DEBUG] Pro License : False
2020-04-10 21:12:06.5882 [DEBUG] Platform : WindowsEditor
2020-04-10 21:12:06.5891 [DEBUG] Build Target : StandaloneWindows64
2020-04-10 21:12:06.5891 [DEBUG] Scene Fusion version : 1.8.7
2020-04-10 21:12:06.5891 [DEBUG] Scene Fusion client build : 0
2020-04-10 21:12:06.5891 [DEBUG] User : bucciarellin16@students.ecu.edu
2020-04-10 21:12:06.5891 [DEBUG] Waiting for server response
2020-04-10 21:12:06.6162 [DEBUG] Tier: Indie (4 Seats), Permissions: 00000A02
2020-04-10 21:12:06.6162 [DEBUG] User Permissions: FFFFFFFF
2020-04-10 21:12:06.6301 [DEBUG] No stand-in for UnityEngine.MovieTexture
2020-04-10 21:12:06.6301 [DEBUG] No stand-in for UnityEngine.Experimental.Rendering.RayTracingShader
2020-04-10 21:12:06.6301 [DEBUG] No stand-in for UnityEngine.LocalizationAsset
2020-04-10 21:12:06.6312 [DEBUG] No stand-in for UnityEngine.ProceduralMaterial
2020-04-10 21:12:06.6312 [DEBUG] No stand-in for UnityEngine.ProceduralTexture
2020-04-10 21:12:06.6312 [DEBUG] No stand-in for UnityEngine.TerrainLayer
2020-04-10 21:12:06.6312 [DEBUG] No stand-in for UnityEngine.VFX.VisualEffectAsset
2020-04-10 21:12:07.1842 [DEBUG] Loading complete
2020-04-10 21:13:46.1502 [DEBUG] Disconnecting from room (121821:SceneFusion:SceneFusion)
2020-04-10 21:13:46.1532 [INFO] Disconnected from server.
2020-04-10 21:13:46.1532 [DEBUG] Disconnect. (Duration: 99)
