2020-04-10 20:49:13.5822 [DEBUG] Validating model...
2020-04-10 20:49:13.6670 [DEBUG] Model validated
2020-04-10 20:49:13.6670 [DEBUG] Authenticating with server...
2020-04-10 20:49:14.0930 [DEBUG] Connected to room. (121820:SceneFusion:SceneFusion)
2020-04-10 20:49:14.0950 [INFO] Connected to server.
2020-04-10 20:49:14.0950 [DEBUG] OS : Microsoft Windows NT 10.0.18362.0
2020-04-10 20:49:14.0950 [DEBUG] Unity Version : 2019.3.4f1
2020-04-10 20:49:14.0950 [DEBUG] Pro License : False
2020-04-10 20:49:14.0950 [DEBUG] Platform : WindowsEditor
2020-04-10 20:49:14.1090 [DEBUG] Build Target : StandaloneWindows
2020-04-10 20:49:14.1090 [DEBUG] Scene Fusion version : 1.8.7
2020-04-10 20:49:14.1090 [DEBUG] Scene Fusion client build : 0
2020-04-10 20:49:14.1100 [DEBUG] User : chris.castro97@gmail.com
2020-04-10 20:49:14.1100 [DEBUG] Waiting for server response
2020-04-10 20:49:14.1798 [DEBUG] Tier: Indie (4 Seats), Permissions: 00000A02
2020-04-10 20:49:14.1798 [DEBUG] User Permissions: FFFFFFFF
2020-04-10 20:49:14.1808 [DEBUG] No stand-in for UnityEngine.MovieTexture
2020-04-10 20:49:14.1808 [DEBUG] No stand-in for UnityEngine.Experimental.Rendering.RayTracingShader
2020-04-10 20:49:14.1808 [DEBUG] No stand-in for UnityEngine.LocalizationAsset
2020-04-10 20:49:14.1818 [DEBUG] No stand-in for UnityEngine.ProceduralMaterial
2020-04-10 20:49:14.1818 [DEBUG] No stand-in for UnityEngine.ProceduralTexture
2020-04-10 20:49:14.1818 [DEBUG] No stand-in for UnityEngine.TerrainLayer
2020-04-10 20:49:14.1818 [DEBUG] No stand-in for UnityEngine.VFX.VisualEffectAsset
2020-04-10 20:49:14.3753 [DEBUG] Uploading scene 'SampleScene'
2020-04-10 20:49:14.3772 [DEBUG] Spawn request. (Objects: 2)
2020-04-10 20:49:14.5781 [DEBUG] Loading complete
2020-04-10 20:49:19.2267 [DEBUG] Disconnecting from room (121820:SceneFusion:SceneFusion)
2020-04-10 20:49:19.2318 [INFO] Disconnected from server.
2020-04-10 20:49:19.2318 [DEBUG] Disconnect. (Duration: 5)
